*** Starting blocking pass "gender" ***
Indexing record pair comparisons...
Verify linking fields: yb, province, db, mb, educ

Count pattern frequencies...
Run EM algorithm...
Scores for each pattern are [-25.6112096750743, -20.8174415893284, -16.6170938001452, -11.8233257144812, -16.7431421950218, -11.9493741093584, -7.7490263201746, -2.95525823442928, -16.8165673187965, -12.0227992331341, -7.82245144394999, -3.02868335820624, -7.94849983882583, -3.15473175308118, 1.04561603610325, 5.83938412180756, -10.9838761607163, -6.19010807505296, -1.98976028587009, 2.80400779987562, -2.11580868074446, 2.67795940500078, 6.87830719418317, 11.6720752798887, -2.18923380452202, 2.60453428122573, 6.80488207040783, 11.5986501561126, 6.67883367553175, 11.4726017612369, 15.672949550421, 20.4667176362062]
Writing results to disk at Poland_candidates_gender.csv
Wall clock running time 11.4991077661514 mins

*** Starting blocking pass "yb" ***
Indexing record pair comparisons...
Verify linking fields: gender, province, db, mb, educ

Count pattern frequencies...
Run EM algorithm...
Scores for each pattern are [-36.4971849962414, -32.3266332972468, -26.260538037973, -22.0899863390196, -26.4862608562962, -22.315709157343, -16.2496138980694, -12.0790621990742, -26.6675929785665, -22.4970412796126, -16.4309460203384, -12.2603943213436, -16.6566688386625, -12.4861171396673, -6.42002188039366, -2.24947018141972, -19.2304802763359, -15.059928577383, -8.9938333181092, -4.82328161911452, -9.21955613643272, -5.04900443743708, 1.01709082183615, 5.18764252081043, -9.40088825870168, -5.23033655970738, 0.835758699566684, 5.00631039854086, 0.610035881243352, 4.78058758021763, 10.8466828394911, 15.0172345385048]
Writing results to disk at Poland_candidates_yb.csv
Wall clock running time 19.2106668949127 secs

Warning messages:
1: In result_fetch(res@ptr, n = n) :
  SQL statements must be issued with dbExecute() or dbSendStatement() instead of dbGetQuery() or dbSendQuery().
2: In result_fetch(res@ptr, n = n) :
  SQL statements must be issued with dbExecute() or dbSendStatement() instead of dbGetQuery() or dbSendQuery().
3: In result_fetch(res@ptr, n = n) :
  SQL statements must be issued with dbExecute() or dbSendStatement() instead of dbGetQuery() or dbSendQuery().
4: In rm(rpairs, is_match, result, pred.match, pred.nonmatch, resultDf) :
  object 'pred.match' not found
5: In rm(rpairs, is_match, result, pred.match, pred.nonmatch, resultDf) :
  object 'pred.nonmatch' not found
6: In result_fetch(res@ptr, n = n) :
  SQL statements must be issued with dbExecute() or dbSendStatement() instead of dbGetQuery() or dbSendQuery().
7: In result_fetch(res@ptr, n = n) :
  SQL statements must be issued with dbExecute() or dbSendStatement() instead of dbGetQuery() or dbSendQuery().
8: In result_fetch(res@ptr, n = n) :
  SQL statements must be issued with dbExecute() or dbSendStatement() instead of dbGetQuery() or dbSendQuery().
9: In rm(rpairs, is_match, result, pred.match, pred.nonmatch, resultDf) :
  object 'pred.match' not found
10: In rm(rpairs, is_match, result, pred.match, pred.nonmatch, resultDf) :
  object 'pred.nonmatch' not found
There are 5714 matching pairs in the population
Reading candidate pairs for blocking pass "gender" from Poland_candidates_gender.csv
Reading candidate pairs for blocking pass "yb" from Poland_candidates_yb.csv
There are 406761 candidate pairs with score >= -10 across all passes
There are 577 matching pairs outside the blocks
Indexing record pairs...

*** Evaluating for sample size 10 ***
There are 14403 pairs with score >= 0 across all passes
Sampled 5 pairs with score >= 0 to include in the training set
There are 24677811 total candidate pairs
Starting rejection sampling of pairs with score < 0. This can be slow.
Sampled 5 pairs with score < 0 to include in the training set
Finding optimal threshold for scores in blocking pass "gender"
Candidate thresholds are 1.04561603610325,6.80488207040783,20.4667176362062
  At threshold 1.04561603610325 F1 score is 0.571428571428571
  At threshold 6.80488207040783 F1 score is 0.8
  At threshold 20.4667176362062 F1 score is 1
Optimal threshold is 20.4667176362062
Finding optimal threshold for scores in blocking pass "yb"
Candidate thresholds are 0.835758699566684,15.0172345385048
  At threshold 0.835758699566684 F1 score is 0.8
  At threshold 15.0172345385048 F1 score is 1
Optimal threshold is 15.0172345385048
Precision is 0.996770025839793
Recall is 0.735813066285169
F1 score is 0.846639231824417

*** Evaluating for sample size 100 ***
There are 14403 pairs with score >= 0 across all passes
Sampled 50 pairs with score >= 0 to include in the training set
There are 24677811 total candidate pairs
Starting rejection sampling of pairs with score < 0. This can be slow.
Sampled 50 pairs with score < 0 to include in the training set
Finding optimal threshold for scores in blocking pass "gender"
Candidate thresholds are -7.82245144394999,-3.02868335820624,1.04561603610325,5.83938412180756,6.67883367553175,6.80488207040783,6.87830719418317,11.5986501561126,11.6720752798887,15.672949550421,20.4667176362062
  At threshold -7.82245144394999 F1 score is 0.555555555555556
  At threshold -3.02868335820624 F1 score is 0.563380281690141
  At threshold 1.04561603610325 F1 score is 0.571428571428571
  At threshold 5.83938412180756 F1 score is 0.714285714285714
  At threshold 6.67883367553175 F1 score is 0.769230769230769
  At threshold 6.80488207040783 F1 score is 0.816326530612245
  At threshold 6.87830719418317 F1 score is 0.851063829787234
  At threshold 11.5986501561126 F1 score is 0.909090909090909
  At threshold 11.6720752798887 F1 score is 0.930232558139535
  At threshold 15.672949550421 F1 score is 1
  At threshold 20.4667176362062 F1 score is 0.888888888888889
Optimal threshold is 15.672949550421
Finding optimal threshold for scores in blocking pass "yb"
Candidate thresholds are 0.610035881243352,0.835758699566684,1.01709082183615,5.00631039854086,5.18764252081043,10.8466828394911,15.0172345385048
  At threshold 0.610035881243352 F1 score is 0.769230769230769
  At threshold 0.835758699566684 F1 score is 0.816326530612245
  At threshold 1.01709082183615 F1 score is 0.851063829787234
  At threshold 5.00631039854086 F1 score is 0.909090909090909
  At threshold 5.18764252081043 F1 score is 0.930232558139535
  At threshold 10.8466828394911 F1 score is 1
  At threshold 15.0172345385048 F1 score is 0.888888888888889
Optimal threshold is 10.8466828394911
Precision is 0.988162447641595
Recall is 0.862501986965506
F1 score is 0.921066032931591

Warning messages:
1: In result_fetch(res@ptr, n = n) :
  SQL statements must be issued with dbExecute() or dbSendStatement() instead of dbGetQuery() or dbSendQuery().
2: In result_fetch(res@ptr, n = n) :
  SQL statements must be issued with dbExecute() or dbSendStatement() instead of dbGetQuery() or dbSendQuery().
3: In result_fetch(res@ptr, n = n) :
  SQL statements must be issued with dbExecute() or dbSendStatement() instead of dbGetQuery() or dbSendQuery().
4: In result_fetch(res@ptr, n = n) :
  SQL statements must be issued with dbExecute() or dbSendStatement() instead of dbGetQuery() or dbSendQuery().
