*** Starting blocking pass "TBYEAR" ***
Indexing record pair comparisons...
Verify linking fields: EBMNTH, ESEX, ERACE, TFIPSST

Count pattern frequencies...
Run EM algorithm...
Scores for each pattern are [-38.8263744004248, -20.5368451637243, -21.6650050129005, -3.37547577619261, -32.8578216771846, -14.5682924404764, -15.6964522896533, 2.59307694704663, -31.3985082363538, -13.108978999645, -14.237138848822, 4.0523903878775, -25.4299555131061, -7.14042627640631, -8.26858612558353, 10.0209431111422]
Writing results to disk at SIPP_candidates_TBYEAR.csv
Wall clock running time 6.75847196578979 secs

*** Starting blocking pass "ESEX" ***
Indexing record pair comparisons...
Verify linking fields: EBMNTH, TBYEAR, ERACE, TFIPSST

Count pattern frequencies...
Run EM algorithm...
Scores for each pattern are [-31.2926923820227, -18.7726251056403, -14.0182384257607, -1.49817114935194, -22.6727699225614, -10.1527026461515, -5.39831596627175, 7.12175131011027, -23.5858795684463, -11.0658122920367, -6.31142561215727, 6.20864166422546, -14.9659571089568, -2.44588983257442, 2.30849684730523, 14.828564123767]
Writing results to disk at SIPP_candidates_ESEX.csv
Wall clock running time 58.8014600276947 secs

Warning messages:
1: In result_fetch(res@ptr, n = n) :
  SQL statements must be issued with dbExecute() or dbSendStatement() instead of dbGetQuery() or dbSendQuery().
2: In result_fetch(res@ptr, n = n) :
  SQL statements must be issued with dbExecute() or dbSendStatement() instead of dbGetQuery() or dbSendQuery().
3: In result_fetch(res@ptr, n = n) :
  SQL statements must be issued with dbExecute() or dbSendStatement() instead of dbGetQuery() or dbSendQuery().
4: In rm(rpairs, is_match, result, pred.match, pred.nonmatch, resultDf) :
  object 'pred.match' not found
5: In rm(rpairs, is_match, result, pred.match, pred.nonmatch, resultDf) :
  object 'pred.nonmatch' not found
6: In result_fetch(res@ptr, n = n) :
  SQL statements must be issued with dbExecute() or dbSendStatement() instead of dbGetQuery() or dbSendQuery().
7: In result_fetch(res@ptr, n = n) :
  SQL statements must be issued with dbExecute() or dbSendStatement() instead of dbGetQuery() or dbSendQuery().
8: In result_fetch(res@ptr, n = n) :
  SQL statements must be issued with dbExecute() or dbSendStatement() instead of dbGetQuery() or dbSendQuery().
9: In rm(rpairs, is_match, result, pred.match, pred.nonmatch, resultDf) :
  object 'pred.match' not found
10: In rm(rpairs, is_match, result, pred.match, pred.nonmatch, resultDf) :
  object 'pred.nonmatch' not found
There are 7354 matching pairs in the population
Reading candidate pairs for blocking pass "TBYEAR" from SIPP_candidates_TBYEAR.csv
Reading candidate pairs for blocking pass "ESEX" from SIPP_candidates_ESEX.csv
There are 368646 candidate pairs with score >= -10 across all passes
There are 2745 matching pairs outside the blocks
Indexing record pairs...

*** Evaluating for sample size 10 ***
There are 17137 pairs with score >= 0 across all passes
Sampled 5 pairs with score >= 0 to include in the training set
There are 4354521 total candidate pairs
Starting rejection sampling of pairs with score < 0. This can be slow.
Sampled 5 pairs with score < 0 to include in the training set
Finding optimal threshold for scores in blocking pass "TBYEAR"
Candidate thresholds are 10.0209431111422
  At threshold 10.0209431111422 F1 score is 1
Optimal threshold is 10.0209431111422
Finding optimal threshold for scores in blocking pass "ESEX"
Candidate thresholds are 6.20864166422546,14.828564123767
  At threshold 6.20864166422546 F1 score is 0.571428571428571
  At threshold 14.828564123767 F1 score is 1
Optimal threshold is 14.828564123767
Precision is 0.98355754857997
Recall is 0.651872399445215
F1 score is 0.784080076263108

*** Evaluating for sample size 100 ***
There are 17137 pairs with score >= 0 across all passes
Sampled 50 pairs with score >= 0 to include in the training set
There are 4354521 total candidate pairs
Starting rejection sampling of pairs with score < 0. This can be slow.
Sampled 50 pairs with score < 0 to include in the training set
Finding optimal threshold for scores in blocking pass "TBYEAR"
Candidate thresholds are 2.59307694704663,10.0209431111422
  At threshold 2.59307694704663 F1 score is 0.85
  At threshold 10.0209431111422 F1 score is 0.971428571428571
Optimal threshold is 10.0209431111422
Finding optimal threshold for scores in blocking pass "ESEX"
Candidate thresholds are -6.31142561215727,-5.39831596627175,-1.49817114935194,6.20864166422546,7.12175131011027,14.828564123767
  At threshold -6.31142561215727 F1 score is 0.453333333333333
  At threshold -5.39831596627175 F1 score is 0.492753623188406
  At threshold -1.49817114935194 F1 score is 0.5
  At threshold 6.20864166422546 F1 score is 0.507462686567164
  At threshold 7.12175131011027 F1 score is 0.85
  At threshold 14.828564123767 F1 score is 0.971428571428571
Optimal threshold is 14.828564123767
Precision is 0.98355754857997
Recall is 0.651872399445215
F1 score is 0.784080076263108

Warning messages:
1: In result_fetch(res@ptr, n = n) :
  SQL statements must be issued with dbExecute() or dbSendStatement() instead of dbGetQuery() or dbSendQuery().
2: In result_fetch(res@ptr, n = n) :
  SQL statements must be issued with dbExecute() or dbSendStatement() instead of dbGetQuery() or dbSendQuery().
3: In result_fetch(res@ptr, n = n) :
  SQL statements must be issued with dbExecute() or dbSendStatement() instead of dbGetQuery() or dbSendQuery().
4: In result_fetch(res@ptr, n = n) :
  SQL statements must be issued with dbExecute() or dbSendStatement() instead of dbGetQuery() or dbSendQuery().
